<?xml version="1.0" encoding="UTF-8"?>
<!-- Generated by org.testng.reporters.JUnitReportReporter -->
<testsuite skipped="0" hostname="DTBLR01LP21" name="com.demo.datatest.DataTest" tests="4" failures="0" timestamp="26 Jul 2023 12:46:48 GMT" time="55.153" errors="0">
  <testcase name="Details" time="14.103" classname="com.demo.datatest.DataTest"/>
  <testcase name="Details" time="13.465" classname="com.demo.datatest.DataTest"/>
  <testcase name="Details" time="13.476" classname="com.demo.datatest.DataTest"/>
  <testcase name="Details" time="14.109" classname="com.demo.datatest.DataTest"/>
</testsuite> <!-- com.demo.datatest.DataTest -->
